Server running at http://0.0.0.0:1337/
Server running at http://0.0.0.0:1337/
Server running at http://0.0.0.0:9000/
Error: Requested Range Not Satisfiable
    at SendStream.error (/home/magdiel_david_gmail_com/babelblogs/babelblogs/node_modules/express/node_modules/send/lib/send.js:228:16)
    at SendStream.send (/home/magdiel_david_gmail_com/babelblogs/babelblogs/node_modules/express/node_modules/send/lib/send.js:528:19)
    at /home/magdiel_david_gmail_com/babelblogs/babelblogs/node_modules/express/node_modules/send/lib/send.js:582:12
    at Object.oncomplete (fs.js:107:15)
Error: Requested Range Not Satisfiable
    at SendStream.error (/home/magdiel_david_gmail_com/babelblogs/babelblogs/node_modules/express/node_modules/send/lib/send.js:228:16)
    at SendStream.send (/home/magdiel_david_gmail_com/babelblogs/babelblogs/node_modules/express/node_modules/send/lib/send.js:528:19)
    at /home/magdiel_david_gmail_com/babelblogs/babelblogs/node_modules/express/node_modules/send/lib/send.js:582:12
    at Object.oncomplete (fs.js:107:15)
Error: Requested Range Not Satisfiable
    at SendStream.error (/home/magdiel_david_gmail_com/babelblogs/babelblogs/node_modules/express/node_modules/send/lib/send.js:228:16)
    at SendStream.send (/home/magdiel_david_gmail_com/babelblogs/babelblogs/node_modules/express/node_modules/send/lib/send.js:528:19)
    at /home/magdiel_david_gmail_com/babelblogs/babelblogs/node_modules/express/node_modules/send/lib/send.js:582:12
    at Object.oncomplete (fs.js:107:15)
Server running at http://0.0.0.0:9000/
:1:req.url:/?id=rQsJk9TNHu
Schema[object Object]
Copied ./bb_templates/template1 to sites/rQsJk9TNHu
'use strict';

(function() {
var config = {
  id: 'rQsJk9TNHu',
  author: '',
}
window.siteConfig = config;
})();
:1:req.url:/
:1:req.url:/
:1:req.url:/scripts/vendor.js
:1:req.url:/styles/vendor.css
:1:req.url:/styles/main.css
:1:req.url:/scripts/scripts.js
:1:req.url:/config.js
:1:req.url:/scripts/directives/_toolbar.html
:1:req.url:/scripts/directives/_toolbox.html
:1:req.url:/images/brand_name.png
:1:req.url:/views/_page.html
:1:req.url:/
:1:req.url:/styles/vendor.css
:1:req.url:/styles/main.css
:1:req.url:/scripts/scripts.js
:1:req.url:/scripts/vendor.js
:1:req.url:/config.js
:1:req.url:/scripts/directives/_toolbar.html
:1:req.url:/scripts/directives/_toolbox.html
:1:req.url:/images/brand_name.png
:1:req.url:/views/_page.html
:1:req.url:/
:1:req.url:/
:1:req.url:/styles/vendor.css
:1:req.url:/scripts/vendor.js
:1:req.url:/styles/main.css
:1:req.url:/bower_components/jquery-ui/jquery-ui.js
:1:req.url:/bower_components/angular-ui-sortable/sortable.js
:1:req.url:/scripts/scripts.js
:1:req.url:/scripts/directives/_toolbar.html
:1:req.url:/scripts/directives/_toolbox.html
:1:req.url:/images/brand_name.png
:1:req.url:/views/_page.html
:1:req.url:/?id=gvo4ptEjJi
Schema[object Object]
Copied ./bb_templates/template1 to sites/gvo4ptEjJi
'use strict';

(function() {
var config = {
  id: 'gvo4ptEjJi',
  author: '',
}
window.siteConfig = config;
})();
:1:req.url:/
:1:req.url:/
:1:req.url:/styles/vendor.css
:1:req.url:/styles/main.css
:1:req.url:/scripts/vendor.js
:1:req.url:/scripts/scripts.js
:1:req.url:/config.js
:1:req.url:/scripts/directives/_toolbar.html
:1:req.url:/scripts/directives/_toolbox.html
:1:req.url:/images/brand_name.png
:1:req.url:/views/_page.html
:1:req.url:/config.js?t=E4KB
:1:req.url:/skins/moono/editor.css?t=E4KB
:1:req.url:/lang/en.js?t=E4KB
:1:req.url:/
:1:req.url:/
:1:req.url:/styles/vendor.css
:1:req.url:/styles/main.css
:1:req.url:/scripts/vendor.js
:1:req.url:/bower_components/jquery-ui/jquery-ui.js
:1:req.url:/scripts/scripts.js
:1:req.url:/bower_components/angular-ui-sortable/sortable.js
:1:req.url:/scripts/directives/_toolbox.html
:1:req.url:/scripts/directives/_toolbar.html
:1:req.url:/images/brand_name.png
:1:req.url:/views/_page.html
Server running at http://0.0.0.0:9000/
::site_name: www
::site_name: www
::site_name: www
::site_name: www
::site_name: www
::site_name: www
::site_name: www
::site_name: www
::site_name: www
::site_name: www
Schema[object Object]
Copied ./bb_templates/template1 to sites/vUe4RUoiaK
url thejason
http://thejason.bblogs.co:9000
::site_name: thejason
::sitePath: /home/magdiel_david_gmail_com/babelblogs/babelblogs/lib/sites/vUe4RUoiaK
::site_name: thejason
::site_name: thejason
::site_name: thejason
::site_name: thejason
::site_name: thejason
::sitePath: /home/magdiel_david_gmail_com/babelblogs/babelblogs/lib/sites/vUe4RUoiaK
::sitePath: /home/magdiel_david_gmail_com/babelblogs/babelblogs/lib/sites/vUe4RUoiaK
::sitePath: /home/magdiel_david_gmail_com/babelblogs/babelblogs/lib/sites/vUe4RUoiaK
::sitePath: /home/magdiel_david_gmail_com/babelblogs/babelblogs/lib/sites/vUe4RUoiaK
::sitePath: /home/magdiel_david_gmail_com/babelblogs/babelblogs/lib/sites/vUe4RUoiaK
::site_name: thejason
::site_name: thejason
::site_name: thejason
::site_name: thejason
::sitePath: /home/magdiel_david_gmail_com/babelblogs/babelblogs/lib/sites/vUe4RUoiaK
::sitePath: /home/magdiel_david_gmail_com/babelblogs/babelblogs/lib/sites/vUe4RUoiaK
::sitePath: /home/magdiel_david_gmail_com/babelblogs/babelblogs/lib/sites/vUe4RUoiaK
::site_name: thejason
::site_name: thejason
::sitePath: /home/magdiel_david_gmail_com/babelblogs/babelblogs/lib/sites/vUe4RUoiaK
::sitePath: /home/magdiel_david_gmail_com/babelblogs/babelblogs/lib/sites/vUe4RUoiaK
::sitePath: /home/magdiel_david_gmail_com/babelblogs/babelblogs/lib/sites/vUe4RUoiaK
::site_name: thejason
::sitePath: /home/magdiel_david_gmail_com/babelblogs/babelblogs/lib/sites/vUe4RUoiaK
::site_name: thejason
::site_name: thejason
::sitePath: /home/magdiel_david_gmail_com/babelblogs/babelblogs/lib/sites/vUe4RUoiaK
::sitePath: /home/magdiel_david_gmail_com/babelblogs/babelblogs/lib/sites/vUe4RUoiaK
